C51 COMPILER V9.60.0.0   UYGULAMA                                                          12/26/2022 16:09:47 PAGE 1   


C51 COMPILER V9.60.0.0, COMPILATION OF MODULE UYGULAMA
OBJECT MODULE PLACED IN .\Objects\uygulama.obj
COMPILER INVOKED BY: C:\Keil_v5\C51\BIN\C51.EXE uygulama.c OPTIMIZE(8,SPEED) BROWSE DEBUG OBJECTEXTEND PRINT(.\Listings\
                    -uygulama.lst) TABS(2) OBJECT(.\Objects\uygulama.obj)

line level    source

   1          #include<reg52.h>
   2          sbit BUTTON0=P1^0;
   3          
   4          void startTime0()
   5          {
   6   1        TMOD =TMOD &252;
   7   1        TMOD++;
   8   1        TH0=219;
   9   1        TR0=1;
  10   1        ET0=1;
  11   1        EA=1;
  12   1      }
  13          void timer0ISR() interrupt 1
  14          {
  15   1        TH0=219
  16   1      }
*** ERROR C141 IN LINE 16 OF uygulama.c: syntax error near '}', expected ';'
  17          void sleep()
  18          {
  19   1        TH0=219;
  20   1        PCON=1;
  21   1      }
  22          bit getButton0()
  23          {
  24   1        unsigned int i=0;
  25   1        if(!BUTTON0)
  26   1        {
  27   2          sleep();
  28   2          if(BUTTON0)
  29   2            return 0;
  30   2          while(!BUTTON0)
  31   2            PCON=1;
  32   2          return 1;
  33   2        }
  34   1        return 0;
  35   1      }
  36            void main()
  37            {
  38   1          unsigned char count =1;
  39   1          startTimer0();
  40   1          while(1)
  41   1          {
  42   2            sleep();
  43   2            P0=~count;
  44   2            if(getButton0())
  45   2            count++;
  46   2          }
  47   1        }

C51 COMPILATION COMPLETE.  0 WARNING(S),  1 ERROR(S)
