C51 COMPILER V9.60.0.0   10DERS                                                            12/14/2022 14:34:25 PAGE 1   


C51 COMPILER V9.60.0.0, COMPILATION OF MODULE 10DERS
OBJECT MODULE PLACED IN .\Objects\10ders.obj
COMPILER INVOKED BY: C:\Keil_v5\C51\BIN\C51.EXE 10ders.c OPTIMIZE(8,SPEED) BROWSE DEBUG OBJECTEXTEND PRINT(.\Listings\10
                    -ders.lst) TABS(2) OBJECT(.\Objects\10ders.obj)

line level    source

   1          
   2          //#include<reg51.h>
   3          
   4          //void main()
   5          //{
   6          //  SCON=0X50; //start the serial communication 
   7          //  TMOD=0X20; //selected the timer mode
   8          //  TH1=3; //load the baud rate
   9          //  TR1=1; //timer on
  10          //  P0=SBUF; //send the data from sbuf to port0
  11          //  while(RI==0); //check the interrupt register 
  12          //  RI=0;
  13          //  TR1=0; //of the timer 
  14          //  while(1);//stop the program when character is received
  15          //    
  16          //  
  17          //}
  18          
  19          
  20          
  21          //-----------------------------------------
  22          //seri haberlesme 
  23          //'S' karakterini seri pencereye iletin baud hizi olarak 9600 kullanin
  24          //void main()
  25          //{
  26          //  SCON=0x50;
  27          //  TMOD=0X20;
  28          //  TH1=3;
  29          //  TR1=1;
  30          //  SBUF='A';
  31          //  while(TI==0);
  32          //  TI=0;
  33          //  TR1=0;
  34          //  while(1);
  35          //  
  36          //}
  37          
  38          
  39          
  40          
  41          
  42          
  43          
  44          
  45          
  46          //-----------------------------------------------------------//
  47          //void main()
  48          //{
  49          //  unsigned char i; //
  50          //  TMOD=0X20; //SET THE TIMER mode
  51          //  for(i=0;i<2;i++) //double the time delay
  52          //  {
  53          //    TL1=0X19; //set the time delay
  54          //    TH1=0X00;
C51 COMPILER V9.60.0.0   10DERS                                                            12/14/2022 14:34:25 PAGE 2   

  55          //    TR1=1; //timer on
  56          //    while(TF1==0); //check the flag bit
  57          //    TF1=0;
  58          //  
  59          //  }
  60          //  TR1=0; //timer of
  61          //}
  62          
  63          
  64          
  65          
  66          //------------------------------------------------------------------------------------------
  67          ////7-segment uygulamasi diger uygulama ile birlestirme
  68          
  69          //sbit a=P3^0;
  70          //sbit b=P3^1;
  71          //sbit c=P3^2;
  72          //sbit d=P3^3;
  73          //void main()
  74          //{
  75          
  76          //unsigned char n[10]={0x40,0xF9,0x24,0x30,0x19,0x12,0x02,0xF8,0x00,0x010};
  77          //unsigned int i,j;
  78          //a=b=c=d=1;
  79          //while(1)
  80          //{
  81          //  for(i=0;i<10;i++)
  82          //  {
  83          //    P=2=n[i];
  84          //    for(j=0;j<60000;j++);
  85          //  }
  86          //}
  87          //}
  88          
  89          
  90          
  91          
  92          
  93          
  94          
  95          //------------------------------------------------
  96          //kayan led uygulamasi
  97          void main()
  98          {
  99   1        unsigned i,j,b;
 100   1        while(1)
 101   1        {
 102   2          P0=0x01;
*** ERROR C202 IN LINE 102 OF 10ders.c: 'P0': undefined identifier
 103   2          b=P0;
*** ERROR C202 IN LINE 103 OF 10ders.c: 'P0': undefined identifier
 104   2          for(j=0;j<10000;j++);
 105   2          for(i=0;i<8;i++)
 106   2          {
 107   3            b=b<<1;
 108   3            P0=b;
*** ERROR C202 IN LINE 108 OF 10ders.c: 'P0': undefined identifier
 109   3            for(j=0;j<10000;j++);
 110   3          }
 111   2        }
 112   1      }
 113          
C51 COMPILER V9.60.0.0   10DERS                                                            12/14/2022 14:34:25 PAGE 3   

 114          
 115          
 116          
 117          
 118          
 119          
 120          //----------------------------------------------------
 121          ////BEKLETMELI LED YAKMA 
 122          //void main()
 123          //{
 124          //unsigned int i;
 125          //  while (1)
 126          //  {
 127          //    P0=0x55;
 128          //    for(i=0;i<300;i++)
 129          //      {
 130          //      }
 131          //      P0=0xAA;
 132          //    for(i=0;i<300;i++)
 133          //      {
 134          //      }
 135          //  }
 136          //}

C51 COMPILATION COMPLETE.  0 WARNING(S),  3 ERROR(S)
