C51 COMPILER V9.60.0.0   11HAFTA                                                           12/14/2022 15:20:59 PAGE 1   


C51 COMPILER V9.60.0.0, COMPILATION OF MODULE 11HAFTA
OBJECT MODULE PLACED IN .\Objects\11hafta.obj
COMPILER INVOKED BY: C:\Keil_v5\C51\BIN\C51.EXE 11hafta.c OPTIMIZE(8,SPEED) BROWSE DEBUG OBJECTEXTEND PRINT(.\Listings\1
                    -1hafta.lst) TABS(2) OBJECT(.\Objects\11hafta.obj)

line level    source

   1          #include<reg51.h>
   2          void lcd_init(void);
   3          
   4          void writecmd(int);
   5          
   6          void writedata(char);
   7          
   8          void delay(int);
   9          
  10          sbit RS=P1^0;
  11          
  12          sbit E=P1^1;
  13          
  14          sbit led=P1^2;
  15          
  16          inti=0;
  17          void main()
  18          {
  19   1        P0=0x00; //kullanmadigimiz portlari kapattik
  20   1        P1=0x00;
  21   1        P2=0x00;
  22   1        P3=0x00;
  23   1        led=1;
  24   1        lcd_init();
  25   1        writedata('W');
  26   1        //delay(5000000);
  27   1        writedata('e');
  28   1        //delay(5000000);
  29   1        writedata('l');
  30   1        //delay(5000000);
  31   1        writedata('c');
  32   1        //delay(5000000);
  33   1        writedata('o');
  34   1        //delay(5000000);
  35   1        writedata('m');
  36   1        //delay(5000000);
  37   1        writedata('e');
  38   1        //delay(5000000); 
  39   1        
  40   1        delay(50000000000);
  41   1        writedata(' ');
  42   1        delay(5000000);
  43   1        writedata('T');
  44   1        delay(5000000);
  45   1        writedata('o');
  46   1        delay(5000000);
  47   1        writecmd(0x01); //ekrani temizle
  48   1        
  49   1        writedata('B');
  50   1        writedata('a');
  51   1        writedata('n');
  52   1        writedata('d');
  53   1        writedata('i');
  54   1        writedata('r');
C51 COMPILER V9.60.0.0   11HAFTA                                                           12/14/2022 15:20:59 PAGE 2   

  55   1        writedata('m');
  56   1        writedata('a');
  57   1        writecmd(0xc0);
  58   1        
  59   1        writedata('U');
  60   1        writedata('n');
  61   1        writedata('i');
  62   1        writedata('v');
  63   1        writedata('e');
  64   1        writedata('r');
  65   1        writedata('s');
  66   1        writedata('i');
  67   1        writedata('t');
  68   1        writedata('y');
  69   1        delay(5000000);
  70   1        delay(5000000);
  71   1        delay(5000000);
  72   1        delay(5000000);
  73   1        delay(5000000);
  74   1        delay(5000000);
  75   1        delay(5000000);
  76   1        delay(5000000);
  77   1        
  78   1      }
  79          
  80          void lcd_init(void)
  81          {
  82   1        writecmd(0x38); //8 bit komutu
  83   1        writecmd(0x0C);//ekrani on-of
  84   1        writecmd(0x01);//ekrani temizle
  85   1        writecmd(0x80);//force cursor to beginnig of lst line
  86   1      }
  87          void writedata(char t) //data function 
  88          {
  89   1        RS=1; // 1 ise veri -0 olsaydi komut olucakti
  90   1        P2=t; //data transfer
  91   1        E=1; //enable
  92   1        delay(150); //bekletme-gecikme
  93   1        E=0; //enable
  94   1        delay(150);
  95   1      }
  96          
  97          void writecmd(int z)
  98          {
  99   1        RS=0; //0 oldugu için komut
 100   1        P2=z; //data transfer
 101   1        E=1; //enable
 102   1        delay(150); //bekletme-gecikme
 103   1        E=0; //enable
 104   1        delay(150);
 105   1      }
 106          void delay(int a)
 107          {
 108   1        int i;
 109   1        for(i=0;i<a;i++); //bekletmek için
 110   1      }
 111          
 112          


MODULE INFORMATION:   STATIC OVERLAYABLE
   CODE SIZE        =    312    ----
C51 COMPILER V9.60.0.0   11HAFTA                                                           12/14/2022 15:20:59 PAGE 3   

   CONSTANT SIZE    =   ----    ----
   XDATA SIZE       =   ----    ----
   PDATA SIZE       =   ----    ----
   DATA SIZE        =      2    ----
   IDATA SIZE       =   ----    ----
   BIT SIZE         =   ----    ----
END OF MODULE INFORMATION.


C51 COMPILATION COMPLETE.  0 WARNING(S),  0 ERROR(S)
