C51 COMPILER V9.60.0.0   11HAFTA3                                                          12/12/2022 16:48:54 PAGE 1   


C51 COMPILER V9.60.0.0, COMPILATION OF MODULE 11HAFTA3
OBJECT MODULE PLACED IN .\Objects\11hafta3.obj
COMPILER INVOKED BY: C:\Keil_v5\C51\BIN\C51.EXE 11hafta3.c OPTIMIZE(8,SPEED) BROWSE DEBUG OBJECTEXTEND PRINT(.\Listings\
                    -11hafta3.lst) TABS(2) OBJECT(.\Objects\11hafta3.obj)

line level    source

   1          #include<reg51.h>
   2          
   3          void lcd_init(void);
   4          void writecmd(int);
   5          void writedata(char);
   6          void delay(int);
   7          void check_col1();
   8          void check_col2();
   9          void check_col3();
  10          sbit RS = P1^0;
  11          sbit E  = P1^1;
  12          sbit led = P1^2;
  13          sbit row1=P3^0;
  14          sbit row2=P3^1;
  15          sbit row3=P3^2;
  16          sbit row4=P3^3;
  17          sbit col1=P3^4;
  18          sbit col2=P3^5;
  19          sbit col3=P3^6;
  20          int i=0;
  21          void main()
  22          {
  23   1      P0 = 0x00;   //not used
  24   1      P1 = 0x00;   //output port for setting RS and EN
  25   1      P2 = 0x00;   //used as data output port   for LCD
  26   1      P3 = 0xf0;   //lower bits as outputs, upper bits as inputs
  27   1      lcd_init();
  28   1      writedata('W');                               
  29   1      delay(5000000);
  30   1      writedata('e');                                
  31   1      delay(5000000);
  32   1      writedata('l');  
  33   1      delay(5000000);                             
  34   1      writedata('c');
  35   1      delay(5000000);                                                                 
  36   1      writedata('o');
  37   1      delay(5000000);                                
  38   1      writedata('m');
  39   1      delay(5000000);                                
  40   1      writedata('e');
  41   1      delay(5000000);
  42   1      writecmd(0x01);                               //clear display
  43   1      writedata('E');
  44   1      writedata('N');
  45   1      writedata('T');
  46   1      writedata('E');
  47   1      writedata('R');
  48   1      writedata(' ');
  49   1      writedata('N');
  50   1      writedata('o');
  51   1      writedata('.');
  52   1      delay(5000000);
  53   1      do
  54   1      {
C51 COMPILER V9.60.0.0   11HAFTA3                                                          12/12/2022 16:48:54 PAGE 2   

  55   2      col1=1;
  56   2      col2=1;
  57   2      col3=1;
  58   2      row1=row2=row3=row4=0;
  59   2      if(col1==0) check_col1();
  60   2      else if(col2==0) check_col2();
  61   2      else if(col3==0) check_col3();
  62   2      }while(1);
  63   1      }
  64          void lcd_init(void)
  65          {
  66   1      writecmd(0x38);    //for 8 bit mode
  67   1      writecmd(0x0C);    //display on, cursor off
  68   1      writecmd(0x01);    //clear display
  69   1      writecmd(0x80);    //force cursor to beginning of 1st line
  70   1      }
  71          void writedata(char t)     //data function
  72          {
  73   1         RS = 1;            
  74   1         P2 = t;                                //Data transfer
  75   1      E  = 1;            
  76   1      delay(150);
  77   1      E  = 0;           
  78   1      delay(150);
  79   1      }
  80          void writecmd(int z)        //command function
  81          {
  82   1         RS = 0;            
  83   1         P2 = z;                                //Data transfer
  84   1      E  = 1;            
  85   1      delay(150);
  86   1      E  = 0;            
  87   1      delay(150);
  88   1      }
  89          void delay(int a)               //Delay function  
  90          {
  91   1      int i;
  92   1      for(i=0;i<a;i++);  
  93   1      }
  94          void check_col1() //Function for checking column one
  95          {
  96   1      row1=row2=row3=row4=1;
  97   1      row1=0;
  98   1      if(col1==0){writecmd(0x01); led = 1; writedata('1'); delay(5000000); led = 0;}
  99   1      row1=1;
 100   1      row2=0;
 101   1      if(col1==0){writecmd(0x01); led = 1; writedata('4'); delay(5000000); led = 0;}
 102   1      row2=1;
 103   1      row3=0;
 104   1      if(col1==0){writecmd(0x01); led = 1; writedata('7'); delay(5000000); led = 0;}
 105   1      row3=1;
 106   1      row4=0;
 107   1      if(col1==0){writecmd(0x01);led = 1; writedata('*'); delay(5000000); led = 0;}
 108   1      row4=1;
 109   1      }
 110          void check_col2() //Function for checking column two
 111          {
 112   1      row1=row2=row3=row4=1;
 113   1      row1=0;
 114   1      if(col2==0){writecmd(0x01);led = 1; writedata('2'); delay(5000000); led = 0;}
 115   1      row1=1;
 116   1      row2=0;
C51 COMPILER V9.60.0.0   11HAFTA3                                                          12/12/2022 16:48:54 PAGE 3   

 117   1      if(col2==0){writecmd(0x01);led = 1; writedata('5'); delay(5000000); led = 0;}
 118   1      row2=1;
 119   1      row3=0;
 120   1      if(col2==0){writecmd(0x01);led = 1; writedata('8'); delay(5000000); led = 0;}
 121   1      row3=1;
 122   1      row4=0;
 123   1      if(col2==0){writecmd(0x01);led = 1; writedata('0'); delay(5000000); led = 0;}
 124   1      row4=1;
 125   1      }
 126          void check_col3() //Function for checking column three
 127          {
 128   1      row1=row2=row3=row4=1;
 129   1      row1=0;
 130   1      if(col3==0){writecmd(0x01); led = 1; writedata('3'); delay(5000000); led = 0;}
 131   1      row1=1;
 132   1      row2=0;
 133   1      if(col3==0){writecmd(0x01); led = 1; writedata('6'); delay(5000000); led = 0;}
 134   1      row2=1;
 135   1      row3=0;
 136   1      if(col3==0){writecmd(0x01); led = 1; writedata('9'); delay(5000000); led = 0;}
 137   1      row3=1;
 138   1      row4=0;
 139   1      if(col3==0){writecmd(0x01); led = 1; writedata('#'); delay(5000000); led = 0;}
 140   1      row4=1;
 141   1      }


MODULE INFORMATION:   STATIC OVERLAYABLE
   CODE SIZE        =    549    ----
   CONSTANT SIZE    =   ----    ----
   XDATA SIZE       =   ----    ----
   PDATA SIZE       =   ----    ----
   DATA SIZE        =      2    ----
   IDATA SIZE       =   ----    ----
   BIT SIZE         =   ----    ----
END OF MODULE INFORMATION.


C51 COMPILATION COMPLETE.  0 WARNING(S),  0 ERROR(S)
