C51 COMPILER V9.60.0.0   11HAFTA2                                                          12/14/2022 16:04:33 PAGE 1   


C51 COMPILER V9.60.0.0, COMPILATION OF MODULE 11HAFTA2
OBJECT MODULE PLACED IN .\Objects\11hafta2.obj
COMPILER INVOKED BY: C:\Keil_v5\C51\BIN\C51.EXE 11hafta2.c OPTIMIZE(8,SPEED) BROWSE DEBUG OBJECTEXTEND PRINT(.\Listings\
                    -11hafta2.lst) TABS(2) OBJECT(.\Objects\11hafta2.obj)

line level    source

   1          #include<reg51.h>
   2          void delay(void);
   3          sbit m1_pin1=P2^0;
   4          sbit m1_pin2=P2^1;
   5          sbit m2_pin1=P2^2;
   6          sbit m2_pin2=P2^3;
   7          sbit B1=P0^0;
   8          sbit B2=P0^1;
   9          
  10          void main()
  11          {
  12   1        P2=0x00; //output
  13   1        P0=0x03; //input port
  14   1      if(B1==1) //motorun dönüs yönü ayari
  15   1      {
  16   2        m1_pin1=1;
  17   2        m1_pin2=0;
  18   2        delay();
  19   2      }
  20   1      else if(B1==0)//tersine döndür
  21   1      {
  22   2        m1_pin1=0;
  23   2        m1_pin2=0; //motor durdur
  24   2        delay();
  25   2      }
  26   1      if(B2==1) //motorun dönüs yönü ayari
  27   1      {
  28   2        m2_pin1=0;
  29   2        m2_pin2=1;
  30   2        delay();
  31   2      }
  32   1      else if(B2==0)//tersine döndür
  33   1      {
  34   2        m2_pin1=0;
  35   2        m2_pin2=0;//motor durdur
  36   2        delay();
  37   2      }
  38   1      }
  39          
  40          void delay()
  41          {
  42   1        int i;
  43   1        for(i=0;i<100;i++);
  44   1      }
  45          
  46          
  47          
  48          
  49          
  50          
  51          


MODULE INFORMATION:   STATIC OVERLAYABLE
C51 COMPILER V9.60.0.0   11HAFTA2                                                          12/14/2022 16:04:33 PAGE 2   

   CODE SIZE        =     58    ----
   CONSTANT SIZE    =   ----    ----
   XDATA SIZE       =   ----    ----
   PDATA SIZE       =   ----    ----
   DATA SIZE        =   ----    ----
   IDATA SIZE       =   ----    ----
   BIT SIZE         =   ----    ----
END OF MODULE INFORMATION.


C51 COMPILATION COMPLETE.  0 WARNING(S),  0 ERROR(S)
