C51 COMPILER V9.60.0.0   SEVENSEGMENT                                                      12/26/2022 14:29:29 PAGE 1   


C51 COMPILER V9.60.0.0, COMPILATION OF MODULE SEVENSEGMENT
OBJECT MODULE PLACED IN .\Objects\sevensegment.obj
COMPILER INVOKED BY: C:\Keil_v5\C51\BIN\C51.EXE sevensegment.c OPTIMIZE(8,SPEED) BROWSE DEBUG OBJECTEXTEND PRINT(.\Listi
                    -ngs\sevensegment.lst) TABS(2) OBJECT(.\Objects\sevensegment.obj)

line level    source

   1          #include<reg51.h>
   2          sbit a=P3^0;
   3          sbit b=P3^1;
   4          void display(unsigned int);
   5          void delay();
   6          unsigned int ds1,ds2;
   7          unsigned char n[10]={0x40,0xF9,0x24,0x30,0x19,0x12,0x02,0xF8,0xE00,0x10};
   8          
   9          void main()
  10          {
  11   1      unsigned int i;
  12   1        ds1=ds2=0;
  13   1        a=b=1;
  14   1        while(1)
  15   1        {
  16   2          for(i=0;i<20;i++)
  17   2          {
  18   3            display1(i);
*** WARNING C206 IN LINE 18 OF sevensegment.c: 'display1': missing function-prototype
*** ERROR C267 IN LINE 18 OF sevensegment.c: 'display1': requires ANSI-style prototype
  19   3          }
  20   2        }
  21   1      }
  22          void display1(unsigned int j)
  23          {
*** ERROR C231 IN LINE 23 OF sevensegment.c: 'display1': redefinition
  24   1        if(j<10)
  25   1        {
  26   2          P2=n[ds1];
  27   2          P0=n[ds2];
  28   2          delay();
  29   2          ds1++;
  30   2        }
  31   1        else
  32   1        {
  33   2          P2=n[ds2];
  34   2          P0=n[1];
  35   2          delay();
  36   2          ds2++;
  37   2          if(ds2>=10)
  38   2          {
  39   3            ds1=ds2=0;
  40   3          }
  41   2        }
  42   1      }
*** ERROR C231 IN LINE 42 OF sevensegment.c: 'display1': redefinition
  43          void delay()
  44          {
  45   1      unsigned int k;
  46   1        for(k=0;k<45000;k++);
  47   1      }

C51 COMPILATION COMPLETE.  1 WARNING(S),  3 ERROR(S)
